{"/Users/anshuman_ray/companyViewer/db/models/companies.js": {"path":"/Users/anshuman_ray/companyViewer/db/models/companies.js","statementMap":{"0":{"start":{"line":4,"column":4},"end":{"line":4,"column":24}},"1":{"start":{"line":5,"column":0},"end":{"line":29,"column":2}},"2":{"start":{"line":16,"column":2},"end":{"line":27,"column":5}},"3":{"start":{"line":28,"column":2},"end":{"line":28,"column":19}}},"fnMap":{"0":{"name":"(anonymous_0)","decl":{"start":{"line":5,"column":17},"end":{"line":5,"column":18}},"loc":{"start":{"line":5,"column":43},"end":{"line":29,"column":1}},"line":5},"1":{"name":"(anonymous_1)","decl":{"start":{"line":12,"column":4},"end":{"line":12,"column":5}},"loc":{"start":{"line":12,"column":29},"end":{"line":14,"column":5}},"line":12}},"branchMap":{},"s":{"0":2,"1":2,"2":2,"3":2},"f":{"0":2,"1":2},"b":{},"_coverageSchema":"1a1c01bbd47fc00a2c39e90264f33305004495a9","hash":"3e052a990e4fa9ced8185ece6f393125e3e227b2"}
,"/Users/anshuman_ray/companyViewer/db/models/index.js": {"path":"/Users/anshuman_ray/companyViewer/db/models/index.js","statementMap":{"0":{"start":{"line":3,"column":11},"end":{"line":3,"column":24}},"1":{"start":{"line":4,"column":13},"end":{"line":4,"column":28}},"2":{"start":{"line":5,"column":18},"end":{"line":5,"column":38}},"3":{"start":{"line":6,"column":16},"end":{"line":6,"column":34}},"4":{"start":{"line":7,"column":17},"end":{"line":7,"column":42}},"5":{"start":{"line":8,"column":12},"end":{"line":8,"column":49}},"6":{"start":{"line":9,"column":15},"end":{"line":9,"column":65}},"7":{"start":{"line":10,"column":11},"end":{"line":10,"column":13}},"8":{"start":{"line":13,"column":0},"end":{"line":17,"column":1}},"9":{"start":{"line":14,"column":2},"end":{"line":14,"column":74}},"10":{"start":{"line":16,"column":2},"end":{"line":16,"column":87}},"11":{"start":{"line":19,"column":0},"end":{"line":32,"column":5}},"12":{"start":{"line":22,"column":4},"end":{"line":27,"column":6}},"13":{"start":{"line":30,"column":18},"end":{"line":30,"column":85}},"14":{"start":{"line":31,"column":4},"end":{"line":31,"column":27}},"15":{"start":{"line":34,"column":0},"end":{"line":38,"column":3}},"16":{"start":{"line":35,"column":2},"end":{"line":37,"column":3}},"17":{"start":{"line":36,"column":4},"end":{"line":36,"column":32}},"18":{"start":{"line":40,"column":0},"end":{"line":40,"column":25}},"19":{"start":{"line":41,"column":0},"end":{"line":41,"column":25}},"20":{"start":{"line":43,"column":0},"end":{"line":43,"column":20}}},"fnMap":{"0":{"name":"(anonymous_0)","decl":{"start":{"line":21,"column":10},"end":{"line":21,"column":11}},"loc":{"start":{"line":21,"column":18},"end":{"line":28,"column":3}},"line":21},"1":{"name":"(anonymous_1)","decl":{"start":{"line":29,"column":11},"end":{"line":29,"column":12}},"loc":{"start":{"line":29,"column":19},"end":{"line":32,"column":3}},"line":29},"2":{"name":"(anonymous_2)","decl":{"start":{"line":34,"column":24},"end":{"line":34,"column":25}},"loc":{"start":{"line":34,"column":37},"end":{"line":38,"column":1}},"line":34}},"branchMap":{"0":{"loc":{"start":{"line":8,"column":12},"end":{"line":8,"column":49}},"type":"binary-expr","locations":[{"start":{"line":8,"column":12},"end":{"line":8,"column":32}},{"start":{"line":8,"column":36},"end":{"line":8,"column":49}}],"line":8},"1":{"loc":{"start":{"line":13,"column":0},"end":{"line":17,"column":1}},"type":"if","locations":[{"start":{"line":13,"column":0},"end":{"line":17,"column":1}},{"start":{"line":15,"column":7},"end":{"line":17,"column":1}}],"line":13},"2":{"loc":{"start":{"line":23,"column":6},"end":{"line":26,"column":37}},"type":"binary-expr","locations":[{"start":{"line":23,"column":6},"end":{"line":23,"column":29}},{"start":{"line":24,"column":6},"end":{"line":24,"column":23}},{"start":{"line":25,"column":6},"end":{"line":25,"column":30}},{"start":{"line":26,"column":6},"end":{"line":26,"column":37}}],"line":23},"3":{"loc":{"start":{"line":35,"column":2},"end":{"line":37,"column":3}},"type":"if","locations":[{"start":{"line":35,"column":2},"end":{"line":37,"column":3}},{"start":{},"end":{}}],"line":35}},"s":{"0":2,"1":2,"2":2,"3":2,"4":2,"5":2,"6":2,"7":2,"8":2,"9":0,"10":2,"11":2,"12":4,"13":2,"14":2,"15":2,"16":2,"17":2,"18":2,"19":2,"20":2},"f":{"0":4,"1":2,"2":2},"b":{"0":[2,0],"1":[0,2],"2":[4,4,2,2],"3":[2,0]},"_coverageSchema":"1a1c01bbd47fc00a2c39e90264f33305004495a9","hash":"16645a7bf637bef4cf513df2866d11cf4eaa64a3"}
,"/Users/anshuman_ray/companyViewer/src/controllers/companies.js": {"path":"/Users/anshuman_ray/companyViewer/src/controllers/companies.js","statementMap":{"0":{"start":{"line":1,"column":17},"end":{"line":1,"column":49}},"1":{"start":{"line":2,"column":18},"end":{"line":2,"column":47}},"2":{"start":{"line":4,"column":17},"end":{"line":14,"column":1}},"3":{"start":{"line":5,"column":2},"end":{"line":13,"column":3}},"4":{"start":{"line":6,"column":24},"end":{"line":6,"column":32}},"5":{"start":{"line":7,"column":4},"end":{"line":7,"column":37}},"6":{"start":{"line":8,"column":4},"end":{"line":8,"column":20}},"7":{"start":{"line":9,"column":4},"end":{"line":9,"column":47}},"8":{"start":{"line":11,"column":4},"end":{"line":11,"column":20}},"9":{"start":{"line":12,"column":4},"end":{"line":12,"column":51}},"10":{"start":{"line":16,"column":16},"end":{"line":31,"column":1}},"11":{"start":{"line":17,"column":2},"end":{"line":30,"column":3}},"12":{"start":{"line":18,"column":23},"end":{"line":18,"column":32}},"13":{"start":{"line":19,"column":17},"end":{"line":19,"column":61}},"14":{"start":{"line":20,"column":4},"end":{"line":20,"column":20}},"15":{"start":{"line":21,"column":4},"end":{"line":21,"column":19}},"16":{"start":{"line":23,"column":4},"end":{"line":29,"column":5}},"17":{"start":{"line":24,"column":6},"end":{"line":24,"column":29}},"18":{"start":{"line":25,"column":6},"end":{"line":25,"column":43}},"19":{"start":{"line":27,"column":6},"end":{"line":27,"column":22}},"20":{"start":{"line":28,"column":6},"end":{"line":28,"column":53}},"21":{"start":{"line":33,"column":18},"end":{"line":49,"column":1}},"22":{"start":{"line":34,"column":2},"end":{"line":48,"column":3}},"23":{"start":{"line":35,"column":19},"end":{"line":35,"column":29}},"24":{"start":{"line":36,"column":17},"end":{"line":36,"column":25}},"25":{"start":{"line":37,"column":4},"end":{"line":37,"column":40}},"26":{"start":{"line":38,"column":4},"end":{"line":38,"column":20}},"27":{"start":{"line":39,"column":4},"end":{"line":39,"column":37}},"28":{"start":{"line":41,"column":4},"end":{"line":47,"column":5}},"29":{"start":{"line":42,"column":6},"end":{"line":42,"column":29}},"30":{"start":{"line":43,"column":6},"end":{"line":43,"column":43}},"31":{"start":{"line":45,"column":6},"end":{"line":45,"column":22}},"32":{"start":{"line":46,"column":6},"end":{"line":46,"column":53}},"33":{"start":{"line":51,"column":0},"end":{"line":51,"column":50}}},"fnMap":{"0":{"name":"(anonymous_0)","decl":{"start":{"line":4,"column":17},"end":{"line":4,"column":18}},"loc":{"start":{"line":4,"column":37},"end":{"line":14,"column":1}},"line":4},"1":{"name":"(anonymous_1)","decl":{"start":{"line":16,"column":16},"end":{"line":16,"column":17}},"loc":{"start":{"line":16,"column":36},"end":{"line":31,"column":1}},"line":16},"2":{"name":"(anonymous_2)","decl":{"start":{"line":33,"column":18},"end":{"line":33,"column":19}},"loc":{"start":{"line":33,"column":38},"end":{"line":49,"column":1}},"line":33}},"branchMap":{"0":{"loc":{"start":{"line":23,"column":4},"end":{"line":29,"column":5}},"type":"if","locations":[{"start":{"line":23,"column":4},"end":{"line":29,"column":5}},{"start":{"line":26,"column":11},"end":{"line":29,"column":5}}],"line":23},"1":{"loc":{"start":{"line":41,"column":4},"end":{"line":47,"column":5}},"type":"if","locations":[{"start":{"line":41,"column":4},"end":{"line":47,"column":5}},{"start":{"line":44,"column":11},"end":{"line":47,"column":5}}],"line":41}},"s":{"0":1,"1":1,"2":1,"3":2,"4":2,"5":2,"6":1,"7":1,"8":1,"9":1,"10":1,"11":2,"12":2,"13":2,"14":1,"15":1,"16":1,"17":0,"18":0,"19":1,"20":1,"21":1,"22":2,"23":2,"24":2,"25":2,"26":1,"27":1,"28":1,"29":0,"30":0,"31":1,"32":1,"33":1},"f":{"0":2,"1":2,"2":2},"b":{"0":[0,1],"1":[0,1]},"_coverageSchema":"1a1c01bbd47fc00a2c39e90264f33305004495a9","hash":"e8b1777a80926024fd20b59f5881bc6208d6e024"}
,"/Users/anshuman_ray/companyViewer/src/middlewares/validator.js": {"path":"/Users/anshuman_ray/companyViewer/src/middlewares/validator.js","statementMap":{"0":{"start":{"line":2,"column":24},"end":{"line":9,"column":1}},"1":{"start":{"line":2,"column":36},"end":{"line":9,"column":1}},"2":{"start":{"line":3,"column":27},"end":{"line":3,"column":52}},"3":{"start":{"line":5,"column":2},"end":{"line":8,"column":20}},"4":{"start":{"line":6,"column":4},"end":{"line":6,"column":20}},"5":{"start":{"line":7,"column":4},"end":{"line":7,"column":58}},"6":{"start":{"line":8,"column":11},"end":{"line":8,"column":18}},"7":{"start":{"line":12,"column":23},"end":{"line":18,"column":1}},"8":{"start":{"line":12,"column":35},"end":{"line":18,"column":1}},"9":{"start":{"line":13,"column":27},"end":{"line":13,"column":54}},"10":{"start":{"line":14,"column":2},"end":{"line":17,"column":20}},"11":{"start":{"line":15,"column":4},"end":{"line":15,"column":20}},"12":{"start":{"line":16,"column":4},"end":{"line":16,"column":58}},"13":{"start":{"line":17,"column":11},"end":{"line":17,"column":18}},"14":{"start":{"line":20,"column":22},"end":{"line":26,"column":1}},"15":{"start":{"line":20,"column":34},"end":{"line":26,"column":1}},"16":{"start":{"line":21,"column":27},"end":{"line":21,"column":53}},"17":{"start":{"line":22,"column":2},"end":{"line":25,"column":20}},"18":{"start":{"line":23,"column":4},"end":{"line":23,"column":20}},"19":{"start":{"line":24,"column":4},"end":{"line":24,"column":58}},"20":{"start":{"line":25,"column":11},"end":{"line":25,"column":18}},"21":{"start":{"line":28,"column":0},"end":{"line":28,"column":68}}},"fnMap":{"0":{"name":"(anonymous_0)","decl":{"start":{"line":2,"column":24},"end":{"line":2,"column":25}},"loc":{"start":{"line":2,"column":36},"end":{"line":9,"column":1}},"line":2},"1":{"name":"(anonymous_1)","decl":{"start":{"line":2,"column":36},"end":{"line":2,"column":37}},"loc":{"start":{"line":2,"column":56},"end":{"line":9,"column":1}},"line":2},"2":{"name":"(anonymous_2)","decl":{"start":{"line":12,"column":23},"end":{"line":12,"column":24}},"loc":{"start":{"line":12,"column":35},"end":{"line":18,"column":1}},"line":12},"3":{"name":"(anonymous_3)","decl":{"start":{"line":12,"column":35},"end":{"line":12,"column":36}},"loc":{"start":{"line":12,"column":55},"end":{"line":18,"column":1}},"line":12},"4":{"name":"(anonymous_4)","decl":{"start":{"line":20,"column":22},"end":{"line":20,"column":23}},"loc":{"start":{"line":20,"column":34},"end":{"line":26,"column":1}},"line":20},"5":{"name":"(anonymous_5)","decl":{"start":{"line":20,"column":34},"end":{"line":20,"column":35}},"loc":{"start":{"line":20,"column":54},"end":{"line":26,"column":1}},"line":20}},"branchMap":{"0":{"loc":{"start":{"line":5,"column":2},"end":{"line":8,"column":20}},"type":"if","locations":[{"start":{"line":5,"column":2},"end":{"line":8,"column":20}},{"start":{"line":8,"column":9},"end":{"line":8,"column":20}}],"line":5},"1":{"loc":{"start":{"line":14,"column":2},"end":{"line":17,"column":20}},"type":"if","locations":[{"start":{"line":14,"column":2},"end":{"line":17,"column":20}},{"start":{"line":17,"column":9},"end":{"line":17,"column":20}}],"line":14},"2":{"loc":{"start":{"line":22,"column":2},"end":{"line":25,"column":20}},"type":"if","locations":[{"start":{"line":22,"column":2},"end":{"line":25,"column":20}},{"start":{"line":25,"column":9},"end":{"line":25,"column":20}}],"line":22}},"s":{"0":1,"1":3,"2":3,"3":3,"4":2,"5":2,"6":1,"7":1,"8":3,"9":3,"10":3,"11":2,"12":2,"13":1,"14":1,"15":1,"16":1,"17":1,"18":0,"19":0,"20":1,"21":1},"f":{"0":3,"1":3,"2":3,"3":3,"4":1,"5":1},"b":{"0":[2,1],"1":[2,1],"2":[0,1]},"_coverageSchema":"1a1c01bbd47fc00a2c39e90264f33305004495a9","hash":"a03cca0f1957df3fe2c2fdd6e2e526b159eb858e"}
,"/Users/anshuman_ray/companyViewer/src/services/companies.js": {"path":"/Users/anshuman_ray/companyViewer/src/services/companies.js","statementMap":{"0":{"start":{"line":1,"column":16},"end":{"line":1,"column":43}},"1":{"start":{"line":2,"column":11},"end":{"line":2,"column":37}},"2":{"start":{"line":3,"column":18},"end":{"line":3,"column":47}},"3":{"start":{"line":5,"column":22},"end":{"line":5,"column":24}},"4":{"start":{"line":7,"column":17},"end":{"line":41,"column":1}},"5":{"start":{"line":8,"column":2},"end":{"line":40,"column":3}},"6":{"start":{"line":9,"column":20},"end":{"line":9,"column":49}},"7":{"start":{"line":10,"column":19},"end":{"line":10,"column":49}},"8":{"start":{"line":12,"column":4},"end":{"line":12,"column":34}},"9":{"start":{"line":14,"column":4},"end":{"line":36,"column":7}},"10":{"start":{"line":15,"column":19},"end":{"line":15,"column":37}},"11":{"start":{"line":16,"column":17},"end":{"line":16,"column":24}},"12":{"start":{"line":17,"column":21},"end":{"line":17,"column":28}},"13":{"start":{"line":18,"column":26},"end":{"line":18,"column":83}},"14":{"start":{"line":19,"column":30},"end":{"line":19,"column":95}},"15":{"start":{"line":20,"column":25},"end":{"line":20,"column":86}},"16":{"start":{"line":20,"column":61},"end":{"line":20,"column":85}},"17":{"start":{"line":21,"column":20},"end":{"line":21,"column":49}},"18":{"start":{"line":22,"column":20},"end":{"line":25,"column":29}},"19":{"start":{"line":26,"column":19},"end":{"line":34,"column":7}},"20":{"start":{"line":35,"column":6},"end":{"line":35,"column":35}},"21":{"start":{"line":37,"column":4},"end":{"line":37,"column":16}},"22":{"start":{"line":39,"column":4},"end":{"line":39,"column":25}},"23":{"start":{"line":43,"column":30},"end":{"line":56,"column":1}},"24":{"start":{"line":44,"column":18},"end":{"line":51,"column":4}},"25":{"start":{"line":52,"column":2},"end":{"line":54,"column":3}},"26":{"start":{"line":53,"column":4},"end":{"line":53,"column":42}},"27":{"start":{"line":55,"column":2},"end":{"line":55,"column":17}},"28":{"start":{"line":58,"column":19},"end":{"line":65,"column":1}},"29":{"start":{"line":59,"column":18},"end":{"line":59,"column":72}},"30":{"start":{"line":60,"column":2},"end":{"line":64,"column":3}},"31":{"start":{"line":61,"column":4},"end":{"line":61,"column":42}},"32":{"start":{"line":63,"column":4},"end":{"line":63,"column":16}},"33":{"start":{"line":67,"column":0},"end":{"line":67,"column":65}}},"fnMap":{"0":{"name":"(anonymous_0)","decl":{"start":{"line":7,"column":17},"end":{"line":7,"column":18}},"loc":{"start":{"line":7,"column":36},"end":{"line":41,"column":1}},"line":7},"1":{"name":"(anonymous_1)","decl":{"start":{"line":14,"column":21},"end":{"line":14,"column":22}},"loc":{"start":{"line":14,"column":40},"end":{"line":36,"column":5}},"line":14},"2":{"name":"(anonymous_2)","decl":{"start":{"line":20,"column":48},"end":{"line":20,"column":49}},"loc":{"start":{"line":20,"column":61},"end":{"line":20,"column":85}},"line":20},"3":{"name":"(anonymous_3)","decl":{"start":{"line":43,"column":30},"end":{"line":43,"column":31}},"loc":{"start":{"line":43,"column":48},"end":{"line":56,"column":1}},"line":43},"4":{"name":"(anonymous_4)","decl":{"start":{"line":58,"column":19},"end":{"line":58,"column":20}},"loc":{"start":{"line":58,"column":39},"end":{"line":65,"column":1}},"line":58}},"branchMap":{"0":{"loc":{"start":{"line":52,"column":2},"end":{"line":54,"column":3}},"type":"if","locations":[{"start":{"line":52,"column":2},"end":{"line":54,"column":3}},{"start":{},"end":{}}],"line":52},"1":{"loc":{"start":{"line":60,"column":2},"end":{"line":64,"column":3}},"type":"if","locations":[{"start":{"line":60,"column":2},"end":{"line":64,"column":3}},{"start":{"line":62,"column":9},"end":{"line":64,"column":3}}],"line":60}},"s":{"0":2,"1":2,"2":2,"3":2,"4":2,"5":0,"6":0,"7":0,"8":0,"9":0,"10":0,"11":0,"12":0,"13":0,"14":0,"15":0,"16":0,"17":0,"18":0,"19":0,"20":0,"21":0,"22":0,"23":2,"24":2,"25":2,"26":1,"27":1,"28":2,"29":2,"30":2,"31":1,"32":1,"33":2},"f":{"0":0,"1":0,"2":0,"3":2,"4":2},"b":{"0":[1,1],"1":[1,1]},"_coverageSchema":"1a1c01bbd47fc00a2c39e90264f33305004495a9","hash":"3f32c52dd098f34488ac3eb46188112127679e37"}
,"/Users/anshuman_ray/companyViewer/src/utils/callApi.js": {"path":"/Users/anshuman_ray/companyViewer/src/utils/callApi.js","statementMap":{"0":{"start":{"line":2,"column":14},"end":{"line":2,"column":30}},"1":{"start":{"line":4,"column":15},"end":{"line":16,"column":1}},"2":{"start":{"line":5,"column":17},"end":{"line":9,"column":3}},"3":{"start":{"line":11,"column":2},"end":{"line":15,"column":5}},"4":{"start":{"line":12,"column":4},"end":{"line":14,"column":35}},"5":{"start":{"line":13,"column":26},"end":{"line":13,"column":48}},"6":{"start":{"line":14,"column":22},"end":{"line":14,"column":33}},"7":{"start":{"line":18,"column":0},"end":{"line":18,"column":28}}},"fnMap":{"0":{"name":"(anonymous_0)","decl":{"start":{"line":4,"column":15},"end":{"line":4,"column":16}},"loc":{"start":{"line":4,"column":34},"end":{"line":16,"column":1}},"line":4},"1":{"name":"(anonymous_1)","decl":{"start":{"line":11,"column":21},"end":{"line":11,"column":22}},"loc":{"start":{"line":11,"column":42},"end":{"line":15,"column":3}},"line":11},"2":{"name":"(anonymous_2)","decl":{"start":{"line":13,"column":12},"end":{"line":13,"column":13}},"loc":{"start":{"line":13,"column":26},"end":{"line":13,"column":48}},"line":13},"3":{"name":"(anonymous_3)","decl":{"start":{"line":14,"column":13},"end":{"line":14,"column":14}},"loc":{"start":{"line":14,"column":22},"end":{"line":14,"column":33}},"line":14}},"branchMap":{},"s":{"0":2,"1":2,"2":0,"3":0,"4":0,"5":0,"6":0,"7":2},"f":{"0":0,"1":0,"2":0,"3":0},"b":{},"_coverageSchema":"1a1c01bbd47fc00a2c39e90264f33305004495a9","hash":"1c511b642236c16be6f7f7e52fa142f79299f968"}
,"/Users/anshuman_ray/companyViewer/src/utils/httpError.js": {"path":"/Users/anshuman_ray/companyViewer/src/utils/httpError.js","statementMap":{"0":{"start":{"line":3,"column":4},"end":{"line":3,"column":19}},"1":{"start":{"line":4,"column":4},"end":{"line":4,"column":27}},"2":{"start":{"line":5,"column":4},"end":{"line":5,"column":21}},"3":{"start":{"line":8,"column":0},"end":{"line":8,"column":27}}},"fnMap":{"0":{"name":"(anonymous_0)","decl":{"start":{"line":2,"column":2},"end":{"line":2,"column":3}},"loc":{"start":{"line":2,"column":29},"end":{"line":6,"column":3}},"line":2}},"branchMap":{},"s":{"0":4,"1":4,"2":4,"3":2},"f":{"0":4},"b":{},"_coverageSchema":"1a1c01bbd47fc00a2c39e90264f33305004495a9","hash":"9f69a1f83991931d4047ae56c1a96ae6855a78ef"}
}
